<?xml version="1.0" encoding="UTF-8"?>
<!-- Generated by org.testng.reporters.JUnitReportReporter -->
<testsuite hostname="DESKTOP-71OCQC7" failures="0" tests="1" name="com.demoframework.testCases.TC_LoginTest_001" time="6.070" errors="0" timestamp="12 Nov 2021 16:16:48 GMT">
  <testcase classname="com.demoframework.testCases.TC_LoginTest_001" name="loginTest" time="6.070"/>
</testsuite> <!-- com.demoframework.testCases.TC_LoginTest_001 -->
